Jun 07, 2026 10:59:46 AM shiptrack.MyLogger writeToLog
INFO: SYSTEM: ShipTrack application started
Jun 07, 2026 10:59:55 AM shiptrack.MyLogger writeToLog
INFO: SYSTEM: first-run admin account created username=admin
Jun 07, 2026 11:07:53 AM shiptrack.MyLogger writeToLog
INFO: REGISTER: new_customer username=m7md
Jun 07, 2026 11:08:23 AM shiptrack.MyLogger writeToLog
INFO: LOGIN_OK: username=admin role=ADMIN
Jun 07, 2026 11:08:47 AM shiptrack.MyLogger writeToLog
INFO: ADMIN_ACTION: registered_DISPATCHER username=ahmad
Jun 07, 2026 11:09:36 AM shiptrack.MyLogger writeToLog
INFO: LOGOUT: username=admin
Jun 07, 2026 11:09:42 AM shiptrack.MyLogger writeToLog
INFO: LOGIN_OK: username=ahmad role=DISPATCHER
Jun 07, 2026 11:10:08 AM shiptrack.MyLogger writeToLog
INFO: DISPATCHER_ACTION: registered_DELIVERY_PERSONNEL username=omar
Jun 07, 2026 11:12:06 AM shiptrack.MyLogger writeToLog
INFO: LOGOUT: username=ahmad
Jun 07, 2026 11:12:12 AM shiptrack.MyLogger writeToLog
INFO: LOGIN_OK: username=admin role=ADMIN
Jun 07, 2026 11:12:25 AM shiptrack.MyLogger writeToLog
INFO: ADMIN_ACTION: updated_password_policy Min length=10, Min uppercase=1, Min lowercase=1, Min digits=1, Min special=1, Max login attempts=5
Jun 07, 2026 11:12:32 AM shiptrack.MyLogger writeToLog
INFO: LOGOUT: username=admin
Jun 07, 2026 11:12:40 AM shiptrack.MyLogger writeToLog
INFO: LOGIN_OK: username=m7md role=CUSTOMER
Jun 07, 2026 11:12:51 AM shiptrack.MyLogger writeToLog
INFO: CUSTOMER_ACTION: created_shipment id=SHP-0001 customer=m7md
Jun 07, 2026 11:13:16 AM shiptrack.MyLogger writeToLog
INFO: LOGOUT: username=m7md
Jun 07, 2026 11:13:27 AM shiptrack.MyLogger writeToLog
INFO: LOGIN_OK: username=ahmad role=DISPATCHER
Jun 07, 2026 11:15:26 AM shiptrack.MyLogger writeToLog
INFO: DISPATCHER_ACTION: assigned_delivery shipmentId=SHP-0001 driver=omar
Jun 07, 2026 11:15:32 AM shiptrack.MyLogger writeToLog
INFO: LOGOUT: username=ahmad
Jun 07, 2026 11:15:40 AM shiptrack.MyLogger writeToLog
INFO: LOGIN_OK: username=omar role=DELIVERY_PERSONNEL
Jun 07, 2026 11:15:51 AM shiptrack.MyLogger writeToLog
INFO: DRIVER_ACTION: updated_status shipmentId=SHP-0001 driver=omar newStatus=PICKED_UP
Jun 07, 2026 11:15:59 AM shiptrack.MyLogger writeToLog
INFO: LOGOUT: username=omar
Jun 07, 2026 11:16:15 AM shiptrack.MyLogger writeToLog
INFO: LOGIN_OK: username=m7md role=CUSTOMER
Jun 07, 2026 11:29:04 AM shiptrack.MyLogger writeToLog
INFO: SYSTEM: ShipTrack application started
Jun 07, 2026 11:29:13 AM shiptrack.MyLogger writeToLog
INFO: LOGIN_OK: username=admin role=ADMIN
Jun 07, 2026 11:29:16 AM shiptrack.MyLogger writeToLog
INFO: LOGOUT: username=admin
